############################################################################
#	______                     _____                 _                     #
#	(_____ \                   (____ \               | |                   #
#	 _____) )__  ____   ____    _   \ \ ____ _   _   | |      ___   ____   #
#	|  ____/ _ \|  _ \ / _  )  | |   | / _  ) | | |  | |     / _ \ / _  |  #
#	| |   | |_| | | | ( (/ /   | |__/ ( (/ / \ V /   | |____| |_| ( ( | |  #
#	|_|    \___/| ||_/ \____)  |_____/ \____) \_/    |_______)___/ \_|| |  #
#            	|_|                                               (_____|  #
#                                                                          #
############################################################################
	
	@Author: Pedro Oliveira
	@Since:  21-10-2015
	@Project: POPE - Plataform for Online Problems and Exercises 
	@Using: OOPHP, HTML, SASS, JQUERY


@21-10-2015
{
	* At this day, user registration class was done.
	* We have, so far, 4 classes. Three of my own. Being those: User, Regex and Look.
	* The forth is the Database class, which is very well documented on it's own.
	* TODO: Validate also with a registration ticket.	
}